time="2024-07-28T19:36:30+03:00" level=info msg="create router" func="main.main()" file="app.go:21"
time="2024-07-28T19:36:30+03:00" level=info msg="register user handler" func="main.main()" file="app.go:25"
time="2024-07-28T19:36:30+03:00" level=info msg="start application" func="main.start()" file="app.go:38"
time="2024-07-28T19:36:30+03:00" level=info msg="server is listening port 0.0.0.0:1234" func="main.start()" file="app.go:51"
time="2024-07-29T13:03:39+03:00" level=info msg="create router" func="main.main()" file="app.go:21"
time="2024-07-29T13:03:39+03:00" level=info msg="register user handler" func="main.main()" file="app.go:25"
time="2024-07-29T13:03:39+03:00" level=info msg="start application" func="main.start()" file="app.go:38"
time="2024-07-29T13:03:39+03:00" level=info msg="server is listening port 0.0.0.0:1234" func="main.start()" file="app.go:51"
time="2024-07-30T14:40:15+03:00" level=info msg="create router" func="main.main()" file="app.go:26"
time="2024-07-30T14:40:15+03:00" level=info msg="read application configuration" func="advanREST/internal/config.GetConfig.func1()" file="config.go:25"
time="2024-07-30T14:40:15+03:00" level=info func="advanREST/internal/config.GetConfig.func1()" file="config.go:29"
time="2024-07-30T14:40:15+03:00" level=fatal msg="open config.yml: The system cannot find the file specified." func="advanREST/internal/config.GetConfig.func1()" file="config.go:30"
time="2024-07-30T14:42:15+03:00" level=info msg="create router" func="main.main()" file="app.go:26"
time="2024-07-30T14:42:15+03:00" level=info msg="read application configuration" func="advanREST/internal/config.GetConfig.func1()" file="config.go:25"
time="2024-07-30T14:42:15+03:00" level=info func="advanREST/internal/config.GetConfig.func1()" file="config.go:29"
time="2024-07-30T14:42:15+03:00" level=fatal msg="open config.yml: The system cannot find the file specified." func="advanREST/internal/config.GetConfig.func1()" file="config.go:30"
time="2024-07-30T14:44:52+03:00" level=info msg="create router" func="main.main()" file="app.go:26"
time="2024-07-30T14:44:52+03:00" level=info msg="read application configuration" func="advanREST/internal/config.GetConfig.func1()" file="config.go:25"
time="2024-07-30T14:44:52+03:00" level=info func="advanREST/internal/config.GetConfig.func1()" file="config.go:29"
time="2024-07-30T14:44:52+03:00" level=fatal msg="open config.yml: The system cannot find the file specified." func="advanREST/internal/config.GetConfig.func1()" file="config.go:30"
time="2024-07-30T14:50:20+03:00" level=info msg="create router" func="main.main()" file="app.go:26"
time="2024-07-30T14:50:20+03:00" level=info msg="read application configuration" func="advanREST/internal/config.GetConfig.func1()" file="config.go:25"
time="2024-07-30T14:50:20+03:00" level=info msg="register user handler" func="main.main()" file="app.go:32"
time="2024-07-30T14:50:20+03:00" level=info msg="start application" func="main.start()" file="app.go:45"
time="2024-07-30T14:50:20+03:00" level=info msg="listen tcp" func="main.start()" file="app.go:64"
time="2024-07-30T14:50:20+03:00" level=info msg="server is listening port 0.0.0.0:10000" func="main.start()" file="app.go:79"
time="2024-07-30T14:56:07+03:00" level=info msg="create router" func="main.main()" file="app.go:26"
time="2024-07-30T14:56:07+03:00" level=info msg="read application configuration" func="advanREST/internal/config.GetConfig.func1()" file="config.go:25"
time="2024-07-30T14:56:07+03:00" level=info msg="register user handler" func="main.main()" file="app.go:32"
time="2024-07-30T14:56:07+03:00" level=info msg="start application" func="main.start()" file="app.go:45"
time="2024-07-30T14:56:07+03:00" level=info msg="detect app port" func="main.start()" file="app.go:53"
time="2024-07-30T14:56:07+03:00" level=info msg="create socket" func="main.start()" file="app.go:58"
time="2024-07-30T14:56:07+03:00" level=info msg="listen unix socket" func="main.start()" file="app.go:61"
time="2024-07-30T14:56:07+03:00" level=info msg="server is listening unix socket C:\\Users\\6062~1\\AppData\\Local\\Temp\\go-build1523125161\\b001\\exe/app.sock" func="main.start()" file="app.go:63"
